build/app/intermediates/manifest_merge_blame_file/devDebug/manifest-merger-blame-dev-debug-report.txt
1<?xml version="1.0" encoding="utf-8"?>
2<manifest xmlns:android="http://schemas.android.com/apk/res/android"
3    package="com.pasindu.testapp2"
4    android:versionCode="1"
5    android:versionName="1.0.0.0" >
6
7    <uses-sdk
8        android:minSdkVersion="21"
9        android:targetSdkVersion="32" />
10    <!--
11         Flutter needs it to communicate with the running application
12         to allow setting breakpoints, to provide hot reload, etc.
13    -->
14    <uses-permission android:name="android.permission.INTERNET" />
14-->src\debug\AndroidManifest.xml:6:5-66
14-->src\debug\AndroidManifest.xml:6:22-64
15    <uses-permission android:name="android.permission.ACCESS_COARSE_LOCATION" />
15-->src\debug\AndroidManifest.xml:7:9-85
15-->src\debug\AndroidManifest.xml:7:26-82
16    <uses-permission android:name="android.permission.ACCESS_FINE_LOCATION" />
16-->src\debug\AndroidManifest.xml:8:5-79
16-->src\debug\AndroidManifest.xml:8:22-76
17    <uses-permission android:name="android.permission.ACCESS_BACKGROUND_LOCATION" />
17-->src\debug\AndroidManifest.xml:9:5-85
17-->src\debug\AndroidManifest.xml:9:22-82
18    <uses-permission android:name="android.permission.FOREGROUND_SERVICE" />
18-->src\main\AndroidManifest.xml:4:5-77
18-->src\main\AndroidManifest.xml:4:22-74
19    <uses-permission android:name="android.permission.WAKE_LOCK" />
19-->src\main\AndroidManifest.xml:5:5-68
19-->src\main\AndroidManifest.xml:5:22-65
20    <uses-permission android:name="android.permission.SYSTEM_ALERT_WINDOW" />
20-->src\main\AndroidManifest.xml:6:5-78
20-->src\main\AndroidManifest.xml:6:22-75
21    <uses-permission android:name="android.permission.RECEIVE_BOOT_COMPLETED" />
21-->src\main\AndroidManifest.xml:7:5-81
21-->src\main\AndroidManifest.xml:7:22-78
22    <uses-permission android:name="com.google.android.gms.permission.AD_ID" />
22-->src\main\AndroidManifest.xml:8:5-78
22-->src\main\AndroidManifest.xml:8:22-76
23    <uses-permission android:name="android.permission.ACCESS_NETWORK_STATE" />
23-->[:connectivity_plus] AndroidManifest.xml:7:5-79
23-->[:connectivity_plus] AndroidManifest.xml:7:22-76
24
25    <queries>
25-->[com.facebook.android:facebook-common:16.0.0] AndroidManifest.xml:17:5-19:15
26        <package android:name="com.facebook.katana" />
26-->[com.facebook.android:facebook-common:16.0.0] AndroidManifest.xml:18:9-55
26-->[com.facebook.android:facebook-common:16.0.0] AndroidManifest.xml:18:18-52
27    </queries>
28
29    <uses-permission android:name="com.google.android.finsky.permission.BIND_GET_INSTALL_REFERRER_SERVICE" />
29-->[com.android.installreferrer:installreferrer:1.0] AndroidManifest.xml:9:5-110
29-->[com.android.installreferrer:installreferrer:1.0] AndroidManifest.xml:9:22-107
30
31    <application
32        android:name="android.app.Application"
33        android:appComponentFactory="androidx.core.app.CoreComponentFactory"
33-->[androidx.core:core:1.6.0] AndroidManifest.xml:24:18-86
34        android:debuggable="true"
35        android:icon="@mipmap/ic_launcher"
36        android:label="@string/app_name"
37        android:supportsRtl="true" >
37-->[com.facebook.android:facebook-login:16.0.0] AndroidManifest.xml:16:18-44
38        <service android:name="com.pravera.flutter_foreground_task.service.ForegroundService" />
39
40        <activity
41            android:name="com.pasindu.testapp2.MainActivity"
42            android:configChanges="orientation|keyboardHidden|keyboard|screenSize|smallestScreenSize|locale|layoutDirection|fontScale|screenLayout|density|uiMode"
43            android:exported="true"
44            android:hardwareAccelerated="true"
45            android:launchMode="singleTop"
46            android:showWhenLocked="true"
47            android:theme="@style/LaunchTheme"
48            android:turnScreenOn="true"
49            android:windowSoftInputMode="adjustResize" >
50
51            <!--
52                 Specifies an Android theme to apply to this Activity as soon as
53                 the Android process has started. This theme is visible to the user
54                 while the Flutter UI initializes. After that, this theme continues
55                 to determine the Window background behind the Flutter UI.
56            -->
57            <meta-data
58                android:name="io.flutter.embedding.android.NormalTheme"
59                android:resource="@style/NormalTheme" />
60
61            <intent-filter>
62                <action android:name="android.intent.action.MAIN" />
63
64                <category android:name="android.intent.category.LAUNCHER" />
65            </intent-filter>
66        </activity>
67        <!--
68             Don't delete the meta-data below.
69             This is used by the Flutter tool to generate GeneratedPluginRegistrant.java
70        -->
71        <meta-data
72            android:name="flutterEmbedding"
73            android:value="2" />
74        <meta-data
75            android:name="com.facebook.sdk.ApplicationId"
76            android:value="@string/facebook_app_id" />
77        <meta-data
78            android:name="com.facebook.sdk.ClientToken"
79            android:value="@string/facebook_client_token" />
80
81        <service
81-->[:firebase_core] AndroidManifest.xml:8:9-12:19
82            android:name="com.google.firebase.components.ComponentDiscoveryService"
82-->[:firebase_core] AndroidManifest.xml:8:18-89
83            android:directBootAware="true"
83-->[com.google.firebase:firebase-common:20.3.0] AndroidManifest.xml:34:13-43
84            android:exported="false" >
84-->[com.google.firebase:firebase-common:20.3.0] AndroidManifest.xml:35:13-37
85            <meta-data
85-->[:firebase_core] AndroidManifest.xml:9:13-11:85
86                android:name="com.google.firebase.components:io.flutter.plugins.firebase.core.FlutterFirebaseCoreRegistrar"
86-->[:firebase_core] AndroidManifest.xml:10:17-124
87                android:value="com.google.firebase.components.ComponentRegistrar" />
87-->[:firebase_core] AndroidManifest.xml:11:17-82
88        </service>
89
90        <uses-library
90-->[androidx.window:window:1.0.0-beta04] AndroidManifest.xml:25:9-27:40
91            android:name="androidx.window.extensions"
91-->[androidx.window:window:1.0.0-beta04] AndroidManifest.xml:26:13-54
92            android:required="false" />
92-->[androidx.window:window:1.0.0-beta04] AndroidManifest.xml:27:13-37
93        <uses-library
93-->[androidx.window:window:1.0.0-beta04] AndroidManifest.xml:28:9-30:40
94            android:name="androidx.window.sidecar"
94-->[androidx.window:window:1.0.0-beta04] AndroidManifest.xml:29:13-51
95            android:required="false" />
95-->[androidx.window:window:1.0.0-beta04] AndroidManifest.xml:30:13-37
96
97        <provider
97-->[com.google.firebase:firebase-common:20.3.0] AndroidManifest.xml:25:9-30:39
98            android:name="com.google.firebase.provider.FirebaseInitProvider"
98-->[com.google.firebase:firebase-common:20.3.0] AndroidManifest.xml:26:13-77
99            android:authorities="com.pasindu.testapp2.firebaseinitprovider"
99-->[com.google.firebase:firebase-common:20.3.0] AndroidManifest.xml:27:13-72
100            android:directBootAware="true"
100-->[com.google.firebase:firebase-common:20.3.0] AndroidManifest.xml:28:13-43
101            android:exported="false"
101-->[com.google.firebase:firebase-common:20.3.0] AndroidManifest.xml:29:13-37
102            android:initOrder="100" />
102-->[com.google.firebase:firebase-common:20.3.0] AndroidManifest.xml:30:13-36
103
104        <activity
104-->[com.facebook.android:facebook-common:16.0.0] AndroidManifest.xml:22:9-25:66
105            android:name="com.facebook.FacebookActivity"
105-->[com.facebook.android:facebook-common:16.0.0] AndroidManifest.xml:23:13-57
106            android:configChanges="keyboard|keyboardHidden|screenLayout|screenSize|orientation"
106-->[com.facebook.android:facebook-common:16.0.0] AndroidManifest.xml:24:13-96
107            android:theme="@style/com_facebook_activity_theme" />
107-->[com.facebook.android:facebook-common:16.0.0] AndroidManifest.xml:25:13-63
108        <activity android:name="com.facebook.CustomTabMainActivity" />
108-->[com.facebook.android:facebook-common:16.0.0] AndroidManifest.xml:26:9-71
108-->[com.facebook.android:facebook-common:16.0.0] AndroidManifest.xml:26:19-68
109        <activity
109-->[com.facebook.android:facebook-common:16.0.0] AndroidManifest.xml:27:9-41:20
110            android:name="com.facebook.CustomTabActivity"
110-->[com.facebook.android:facebook-common:16.0.0] AndroidManifest.xml:28:13-58
111            android:exported="true" >
111-->[com.facebook.android:facebook-common:16.0.0] AndroidManifest.xml:29:13-36
112            <intent-filter>
112-->[com.facebook.android:facebook-common:16.0.0] AndroidManifest.xml:31:13-40:29
113                <action android:name="android.intent.action.VIEW" />
113-->[com.facebook.android:facebook-common:16.0.0] AndroidManifest.xml:32:17-69
113-->[com.facebook.android:facebook-common:16.0.0] AndroidManifest.xml:32:25-66
114
115                <category android:name="android.intent.category.DEFAULT" />
115-->[com.facebook.android:facebook-common:16.0.0] AndroidManifest.xml:34:17-76
115-->[com.facebook.android:facebook-common:16.0.0] AndroidManifest.xml:34:27-73
116                <category android:name="android.intent.category.BROWSABLE" />
116-->[com.facebook.android:facebook-common:16.0.0] AndroidManifest.xml:35:17-78
116-->[com.facebook.android:facebook-common:16.0.0] AndroidManifest.xml:35:27-75
117
118                <data
118-->[com.facebook.android:facebook-common:16.0.0] AndroidManifest.xml:37:17-39:50
119                    android:host="cct.com.pasindu.testapp2"
119-->[com.facebook.android:facebook-common:16.0.0] AndroidManifest.xml:38:21-56
120                    android:scheme="fbconnect" />
120-->[com.facebook.android:facebook-common:16.0.0] AndroidManifest.xml:39:21-47
121            </intent-filter>
122        </activity>
123        <!--
124         The initialization ContentProvider will call FacebookSdk.sdkInitialize automatically
125         with the application context. This config is merged in with the host app's manifest,
126         but there can only be one provider with the same authority activated at any given
127         point; so if the end user has two or more different apps that use Facebook SDK, only the
128         first one will be able to use the provider. To work around this problem, we use the
129         following placeholder in the authority to identify each host application as if it was
130         a completely different provider.
131        -->
132        <provider
132-->[com.facebook.android:facebook-core:16.0.0] AndroidManifest.xml:29:9-32:40
133            android:name="com.facebook.internal.FacebookInitProvider"
133-->[com.facebook.android:facebook-core:16.0.0] AndroidManifest.xml:30:13-70
134            android:authorities="com.pasindu.testapp2.FacebookInitProvider"
134-->[com.facebook.android:facebook-core:16.0.0] AndroidManifest.xml:31:13-72
135            android:exported="false" />
135-->[com.facebook.android:facebook-core:16.0.0] AndroidManifest.xml:32:13-37
136
137        <receiver
137-->[com.facebook.android:facebook-core:16.0.0] AndroidManifest.xml:34:9-40:20
138            android:name="com.facebook.CurrentAccessTokenExpirationBroadcastReceiver"
138-->[com.facebook.android:facebook-core:16.0.0] AndroidManifest.xml:35:13-86
139            android:exported="false" >
139-->[com.facebook.android:facebook-core:16.0.0] AndroidManifest.xml:36:13-37
140            <intent-filter>
140-->[com.facebook.android:facebook-core:16.0.0] AndroidManifest.xml:37:13-39:29
141                <action android:name="com.facebook.sdk.ACTION_CURRENT_ACCESS_TOKEN_CHANGED" />
141-->[com.facebook.android:facebook-core:16.0.0] AndroidManifest.xml:38:17-95
141-->[com.facebook.android:facebook-core:16.0.0] AndroidManifest.xml:38:25-92
142            </intent-filter>
143        </receiver>
144        <receiver
144-->[com.facebook.android:facebook-core:16.0.0] AndroidManifest.xml:41:9-47:20
145            android:name="com.facebook.AuthenticationTokenManager$CurrentAuthenticationTokenChangedBroadcastReceiver"
145-->[com.facebook.android:facebook-core:16.0.0] AndroidManifest.xml:42:13-118
146            android:exported="false" >
146-->[com.facebook.android:facebook-core:16.0.0] AndroidManifest.xml:43:13-37
147            <intent-filter>
147-->[com.facebook.android:facebook-core:16.0.0] AndroidManifest.xml:44:13-46:29
148                <action android:name="com.facebook.sdk.ACTION_CURRENT_AUTHENTICATION_TOKEN_CHANGED" />
148-->[com.facebook.android:facebook-core:16.0.0] AndroidManifest.xml:45:17-103
148-->[com.facebook.android:facebook-core:16.0.0] AndroidManifest.xml:45:25-100
149            </intent-filter>
150        </receiver>
151
152        <meta-data
152-->[com.google.android.gms:play-services-basement:18.1.0] AndroidManifest.xml:21:9-23:69
153            android:name="com.google.android.gms.version"
153-->[com.google.android.gms:play-services-basement:18.1.0] AndroidManifest.xml:22:13-58
154            android:value="@integer/google_play_services_version" />
154-->[com.google.android.gms:play-services-basement:18.1.0] AndroidManifest.xml:23:13-66
155    </application>
156
157</manifest>